[2019-05-24 16:13:40,758][MainThread:3376][task_id:django.utils.autoreload][autoreload.py:576][INFO][Watching for file changes with StatReloader]
[2019-05-24 16:14:31,625][MainThread:3376][task_id:django.utils.autoreload][autoreload.py:203][INFO][C:\Users\Administrator\projects\insboot\insboot\ins\tasks.py changed, reloading.]
[2019-05-24 16:14:33,199][MainThread:10596][task_id:django.utils.autoreload][autoreload.py:576][INFO][Watching for file changes with StatReloader]
[2019-05-24 16:15:01,481][MainThread:10596][task_id:django.utils.autoreload][autoreload.py:203][INFO][C:\Users\Administrator\projects\insboot\insboot\ins\tasks.py changed, reloading.]
[2019-05-24 16:15:02,234][MainThread:6344][task_id:django.utils.autoreload][autoreload.py:576][INFO][Watching for file changes with StatReloader]
[2019-05-24 16:15:09,837][MainThread:6344][task_id:django.utils.autoreload][autoreload.py:203][INFO][C:\Users\Administrator\projects\insboot\insboot\ins\tasks.py changed, reloading.]
[2019-05-24 16:15:11,223][MainThread:8756][task_id:django.utils.autoreload][autoreload.py:576][INFO][Watching for file changes with StatReloader]
[2019-05-24 16:15:14,631][MainThread:8756][task_id:django.utils.autoreload][autoreload.py:203][INFO][C:\Users\Administrator\projects\insboot\insboot\ins\tasks.py changed, reloading.]
[2019-05-24 16:15:15,629][MainThread:9608][task_id:django.utils.autoreload][autoreload.py:576][INFO][Watching for file changes with StatReloader]
[2019-05-24 16:17:49,550][MainThread:9608][task_id:django.utils.autoreload][autoreload.py:203][INFO][C:\Users\Administrator\projects\insboot\insboot\insboot\settings.py changed, reloading.]
[2019-05-24 16:18:38,855][MainThread:11008][task_id:django.utils.autoreload][autoreload.py:576][INFO][Watching for file changes with StatReloader]
[2019-05-24 16:19:09,724][MainThread:11008][task_id:django.utils.autoreload][autoreload.py:203][INFO][C:\Users\Administrator\projects\insboot\insboot\ins\views.py changed, reloading.]
[2019-05-24 16:19:10,544][MainThread:8700][task_id:django.utils.autoreload][autoreload.py:576][INFO][Watching for file changes with StatReloader]
[2019-05-24 16:19:21,783][MainThread:8700][task_id:django.utils.autoreload][autoreload.py:203][INFO][C:\Users\Administrator\projects\insboot\insboot\ins\views.py changed, reloading.]
[2019-05-24 16:19:22,638][MainThread:7348][task_id:django.utils.autoreload][autoreload.py:576][INFO][Watching for file changes with StatReloader]
[2019-05-24 16:19:28,862][Thread-1:1072][task_id:collect][views.py:22][INFO][hello celery and django...]
[2019-05-24 16:35:51,995][MainThread:7348][task_id:django.utils.autoreload][autoreload.py:203][INFO][C:\Users\Administrator\projects\insboot\insboot\ins\tasks.py changed, reloading.]
[2019-05-24 16:35:54,365][MainThread:5776][task_id:django.utils.autoreload][autoreload.py:576][INFO][Watching for file changes with StatReloader]
[2019-05-24 16:36:09,828][MainThread:5776][task_id:django.utils.autoreload][autoreload.py:203][INFO][C:\Users\Administrator\projects\insboot\insboot\ins\tasks.py changed, reloading.]
[2019-05-24 16:36:11,099][MainThread:7724][task_id:django.utils.autoreload][autoreload.py:576][INFO][Watching for file changes with StatReloader]
[2019-05-24 16:36:20,079][MainThread:7724][task_id:django.utils.autoreload][autoreload.py:203][INFO][C:\Users\Administrator\projects\insboot\insboot\ins\tasks.py changed, reloading.]
[2019-05-24 16:36:21,054][MainThread:5076][task_id:django.utils.autoreload][autoreload.py:576][INFO][Watching for file changes with StatReloader]
[2019-05-24 16:36:24,130][Thread-1:1456][task_id:collect][views.py:22][INFO][hello celery and django...]
[2019-05-24 16:36:37,009][Thread-1:1456][task_id:collect][views.py:22][INFO][hello celery and django...]
[2019-05-24 16:36:48,288][MainThread:5076][task_id:django.utils.autoreload][autoreload.py:203][INFO][C:\Users\Administrator\projects\insboot\insboot\ins\tasks.py changed, reloading.]
[2019-05-24 16:36:49,904][MainThread:6800][task_id:django.utils.autoreload][autoreload.py:576][INFO][Watching for file changes with StatReloader]
[2019-05-24 16:36:51,025][Thread-1:8516][task_id:collect][views.py:22][INFO][hello celery and django...]
[2019-05-24 16:36:53,691][Thread-1:8516][task_id:collect][views.py:22][INFO][hello celery and django...]
[2019-05-24 16:37:54,537][MainThread:6800][task_id:django.utils.autoreload][autoreload.py:203][INFO][C:\Users\Administrator\projects\insboot\insboot\ins\tasks.py changed, reloading.]
[2019-05-24 16:37:55,845][MainThread:6712][task_id:django.utils.autoreload][autoreload.py:576][INFO][Watching for file changes with StatReloader]
[2019-05-24 16:38:00,292][Thread-2:8828][task_id:collect][views.py:22][INFO][hello celery and django...]
[2019-05-24 16:38:09,160][Thread-2:8828][task_id:collect][views.py:22][INFO][hello celery and django...]
